<?xml version="1.0" encoding="UTF-8"?>
<!-- Generated by org.testng.reporters.JUnitReportReporter -->
<testsuite hostname="KISHORE-RYALA" failures="0" tests="1" name="test.Day2" time="0.005" errors="0" timestamp="2023-02-08T16:23:07 EST" skipped="0">
  <testcase classname="test.Day2" name="Demo3" time="0.005"/>
  <system-out/>
</testsuite> <!-- test.Day2 -->
