<?xml version="1.0" encoding="UTF-8"?>
<!-- Generated by org.testng.reporters.JUnitReportReporter -->
<testsuite hostname="KISHORE-RYALA" failures="0" tests="3" name="test.Day4" time="0.020" errors="0" timestamp="2023-02-08T16:23:07 EST" skipped="0">
  <testcase classname="test.Day4" name="MobileloginHomeLoan" time="0.005"/>
  <system-out/>
  <testcase classname="test.Day4" name="WebloginHomeLoan" time="0.009"/>
  <system-out/>
  <testcase classname="test.Day4" name="LoginAPIHomeLoan" time="0.006"/>
  <system-out/>
</testsuite> <!-- test.Day4 -->
